[2m2018-02-07 08:00:15[0;39m [32m INFO[0;39m [35m18044[0;39m [2m---[0;39m [2m[           main][0;39m [36mcom.employee.EmployeeApplication        [0;39m [2m:[0;39m Starting EmployeeApplication on USHYDRISHKUMAR1 with PID 18044 (C:\Users\rishkumar\Desktop\HCSC_Project\CodingChallenge\extract_original\backup\employee-master\employee-service\target\classes started by rishkumar in C:\Users\rishkumar\Desktop\HCSC_Project\CodingChallenge\extract_original\backup\employee-master\employee-service)
[2m2018-02-07 08:00:15[0;39m [32m INFO[0;39m [35m18044[0;39m [2m---[0;39m [2m[           main][0;39m [36mcom.employee.EmployeeApplication        [0;39m [2m:[0;39m No active profile set, falling back to default profiles: default
[2m2018-02-07 08:00:15[0;39m [32m INFO[0;39m [35m18044[0;39m [2m---[0;39m [2m[           main][0;39m [36mationConfigEmbeddedWebApplicationContext[0;39m [2m:[0;39m Refreshing org.springframework.boot.context.embedded.AnnotationConfigEmbeddedWebApplicationContext@1b6aecc: startup date [Wed Feb 07 08:00:15 IST 2018]; root of context hierarchy
[2m2018-02-07 08:00:20[0;39m [32m INFO[0;39m [35m18044[0;39m [2m---[0;39m [2m[           main][0;39m [36mtrationDelegate$BeanPostProcessorChecker[0;39m [2m:[0;39m Bean 'org.springframework.ws.config.annotation.DelegatingWsConfiguration' of type [org.springframework.ws.config.annotation.DelegatingWsConfiguration$$EnhancerBySpringCGLIB$$fb372f57] is not eligible for getting processed by all BeanPostProcessors (for example: not eligible for auto-proxying)
[2m2018-02-07 08:00:20[0;39m [32m INFO[0;39m [35m18044[0;39m [2m---[0;39m [2m[           main][0;39m [36m.w.s.a.s.AnnotationActionEndpointMapping[0;39m [2m:[0;39m Supporting [WS-Addressing August 2004, WS-Addressing 1.0]
[2m2018-02-07 08:00:23[0;39m [32m INFO[0;39m [35m18044[0;39m [2m---[0;39m [2m[           main][0;39m [36ms.b.c.e.t.TomcatEmbeddedServletContainer[0;39m [2m:[0;39m Tomcat initialized with port(s): 8585 (http)
[2m2018-02-07 08:00:23[0;39m [32m INFO[0;39m [35m18044[0;39m [2m---[0;39m [2m[           main][0;39m [36mo.apache.catalina.core.StandardService  [0;39m [2m:[0;39m Starting service [Tomcat]
[2m2018-02-07 08:00:23[0;39m [32m INFO[0;39m [35m18044[0;39m [2m---[0;39m [2m[           main][0;39m [36morg.apache.catalina.core.StandardEngine [0;39m [2m:[0;39m Starting Servlet Engine: Apache Tomcat/8.5.20
[2m2018-02-07 08:00:24[0;39m [32m INFO[0;39m [35m18044[0;39m [2m---[0;39m [2m[ost-startStop-1][0;39m [36mo.a.c.c.C.[.[.[/employee-service]       [0;39m [2m:[0;39m Initializing Spring embedded WebApplicationContext
[2m2018-02-07 08:00:24[0;39m [32m INFO[0;39m [35m18044[0;39m [2m---[0;39m [2m[ost-startStop-1][0;39m [36mo.s.web.context.ContextLoader           [0;39m [2m:[0;39m Root WebApplicationContext: initialization completed in 8830 ms
[2m2018-02-07 08:00:25[0;39m [32m INFO[0;39m [35m18044[0;39m [2m---[0;39m [2m[ost-startStop-1][0;39m [36mo.s.b.w.servlet.FilterRegistrationBean  [0;39m [2m:[0;39m Mapping filter: 'characterEncodingFilter' to: [/*]
[2m2018-02-07 08:00:25[0;39m [32m INFO[0;39m [35m18044[0;39m [2m---[0;39m [2m[ost-startStop-1][0;39m [36mo.s.b.w.servlet.FilterRegistrationBean  [0;39m [2m:[0;39m Mapping filter: 'hiddenHttpMethodFilter' to: [/*]
[2m2018-02-07 08:00:25[0;39m [32m INFO[0;39m [35m18044[0;39m [2m---[0;39m [2m[ost-startStop-1][0;39m [36mo.s.b.w.servlet.FilterRegistrationBean  [0;39m [2m:[0;39m Mapping filter: 'httpPutFormContentFilter' to: [/*]
[2m2018-02-07 08:00:25[0;39m [32m INFO[0;39m [35m18044[0;39m [2m---[0;39m [2m[ost-startStop-1][0;39m [36mo.s.b.w.servlet.FilterRegistrationBean  [0;39m [2m:[0;39m Mapping filter: 'requestContextFilter' to: [/*]
[2m2018-02-07 08:00:25[0;39m [32m INFO[0;39m [35m18044[0;39m [2m---[0;39m [2m[ost-startStop-1][0;39m [36m.s.DelegatingFilterProxyRegistrationBean[0;39m [2m:[0;39m Mapping filter: 'springSecurityFilterChain' to: [/*]
[2m2018-02-07 08:00:25[0;39m [32m INFO[0;39m [35m18044[0;39m [2m---[0;39m [2m[ost-startStop-1][0;39m [36mo.s.b.w.servlet.ServletRegistrationBean [0;39m [2m:[0;39m Mapping servlet: 'dispatcherServlet' to [/]
[2m2018-02-07 08:00:26[0;39m [32m INFO[0;39m [35m18044[0;39m [2m---[0;39m [2m[ost-startStop-1][0;39m [36mo.s.b.w.servlet.ServletRegistrationBean [0;39m [2m:[0;39m Mapping servlet: 'webServlet' to [/h2/*]
[2m2018-02-07 08:00:26[0;39m [32m INFO[0;39m [35m18044[0;39m [2m---[0;39m [2m[ost-startStop-1][0;39m [36mo.s.b.w.servlet.ServletRegistrationBean [0;39m [2m:[0;39m Mapping servlet: 'messageDispatcherServlet' to [/services/*]
[2m2018-02-07 08:00:28[0;39m [32m INFO[0;39m [35m18044[0;39m [2m---[0;39m [2m[           main][0;39m [36mcom.zaxxer.hikari.HikariDataSource      [0;39m [2m:[0;39m HikariPool-1 - Started.
[2m2018-02-07 08:00:29[0;39m [32m INFO[0;39m [35m18044[0;39m [2m---[0;39m [2m[           main][0;39m [36mj.LocalContainerEntityManagerFactoryBean[0;39m [2m:[0;39m Building JPA container EntityManagerFactory for persistence unit 'default'
[2m2018-02-07 08:00:29[0;39m [32m INFO[0;39m [35m18044[0;39m [2m---[0;39m [2m[           main][0;39m [36mo.hibernate.jpa.internal.util.LogHelper [0;39m [2m:[0;39m HHH000204: Processing PersistenceUnitInfo [
	name: default
	...]
[2m2018-02-07 08:00:29[0;39m [32m INFO[0;39m [35m18044[0;39m [2m---[0;39m [2m[           main][0;39m [36morg.hibernate.Version                   [0;39m [2m:[0;39m HHH000412: Hibernate Core {5.0.12.Final}
[2m2018-02-07 08:00:29[0;39m [32m INFO[0;39m [35m18044[0;39m [2m---[0;39m [2m[           main][0;39m [36morg.hibernate.cfg.Environment           [0;39m [2m:[0;39m HHH000206: hibernate.properties not found
[2m2018-02-07 08:00:29[0;39m [32m INFO[0;39m [35m18044[0;39m [2m---[0;39m [2m[           main][0;39m [36morg.hibernate.cfg.Environment           [0;39m [2m:[0;39m HHH000021: Bytecode provider name : javassist
[2m2018-02-07 08:00:29[0;39m [32m INFO[0;39m [35m18044[0;39m [2m---[0;39m [2m[           main][0;39m [36mo.hibernate.annotations.common.Version  [0;39m [2m:[0;39m HCANN000001: Hibernate Commons Annotations {5.0.1.Final}
[2m2018-02-07 08:00:30[0;39m [32m INFO[0;39m [35m18044[0;39m [2m---[0;39m [2m[           main][0;39m [36morg.hibernate.dialect.Dialect           [0;39m [2m:[0;39m HHH000400: Using dialect: org.hibernate.dialect.H2Dialect
[2m2018-02-07 08:00:32[0;39m [32m INFO[0;39m [35m18044[0;39m [2m---[0;39m [2m[           main][0;39m [36morg.hibernate.tool.hbm2ddl.SchemaExport [0;39m [2m:[0;39m HHH000227: Running hbm2ddl schema export
[2m2018-02-07 08:00:32[0;39m [32m INFO[0;39m [35m18044[0;39m [2m---[0;39m [2m[           main][0;39m [36morg.hibernate.tool.hbm2ddl.SchemaExport [0;39m [2m:[0;39m HHH000230: Schema export complete
[2m2018-02-07 08:00:32[0;39m [32m INFO[0;39m [35m18044[0;39m [2m---[0;39m [2m[           main][0;39m [36mj.LocalContainerEntityManagerFactoryBean[0;39m [2m:[0;39m Initialized JPA EntityManagerFactory for persistence unit 'default'
[2m2018-02-07 08:00:32[0;39m [32m INFO[0;39m [35m18044[0;39m [2m---[0;39m [2m[           main][0;39m [36mo.s.jdbc.datasource.init.ScriptUtils    [0;39m [2m:[0;39m Executing SQL script from URL [file:/C:/Users/rishkumar/Desktop/HCSC_Project/CodingChallenge/extract_original/backup/employee-master/employee-service/target/classes/data.sql]
[2m2018-02-07 08:00:32[0;39m [32m INFO[0;39m [35m18044[0;39m [2m---[0;39m [2m[           main][0;39m [36mo.s.jdbc.datasource.init.ScriptUtils    [0;39m [2m:[0;39m Executed SQL script from URL [file:/C:/Users/rishkumar/Desktop/HCSC_Project/CodingChallenge/extract_original/backup/employee-master/employee-service/target/classes/data.sql] in 7 ms.
[2m2018-02-07 08:00:33[0;39m [32m INFO[0;39m [35m18044[0;39m [2m---[0;39m [2m[           main][0;39m [36mo.h.h.i.QueryTranslatorFactoryInitiator [0;39m [2m:[0;39m HHH000397: Using ASTQueryTranslatorFactory
[2m2018-02-07 08:00:37[0;39m [32m INFO[0;39m [35m18044[0;39m [2m---[0;39m [2m[           main][0;39m [36ms.w.s.m.m.a.RequestMappingHandlerAdapter[0;39m [2m:[0;39m Looking for @ControllerAdvice: org.springframework.boot.context.embedded.AnnotationConfigEmbeddedWebApplicationContext@1b6aecc: startup date [Wed Feb 07 08:00:15 IST 2018]; root of context hierarchy
[2m2018-02-07 08:00:37[0;39m [32m INFO[0;39m [35m18044[0;39m [2m---[0;39m [2m[           main][0;39m [36ms.w.s.m.m.a.RequestMappingHandlerMapping[0;39m [2m:[0;39m Mapped "{[/EmployeeRegistration],methods=[POST],consumes=[application/json;charset=utf-8]}" onto public com.employee.dto.EmployeeDTO com.employee.controller.EmployeeController.createEmployeeRegistrationEntry(javax.servlet.http.HttpServletRequest,javax.servlet.http.HttpServletResponse,com.employee.dto.EmployeeDTO)
[2m2018-02-07 08:00:37[0;39m [32m INFO[0;39m [35m18044[0;39m [2m---[0;39m [2m[           main][0;39m [36ms.w.s.m.m.a.RequestMappingHandlerMapping[0;39m [2m:[0;39m Mapped "{[/EmployeeAuthentication],methods=[POST],consumes=[application/json;charset=utf-8]}" onto public com.employee.dto.EmployeeDTO com.employee.controller.EmployeeController.getEmployeeAuthentication(javax.servlet.http.HttpServletRequest,javax.servlet.http.HttpServletResponse,com.employee.dto.EmployeeDTO)
[2m2018-02-07 08:00:37[0;39m [32m INFO[0;39m [35m18044[0;39m [2m---[0;39m [2m[           main][0;39m [36ms.w.s.m.m.a.RequestMappingHandlerMapping[0;39m [2m:[0;39m Mapped "{[/employeedetail],methods=[GET],produces=[application/json;charset=utf-8]}" onto public java.util.List<com.employee.dto.EmployeeDTO> com.employee.controller.EmployeeController.getEmployeesEntry(javax.servlet.http.HttpServletRequest) throws javassist.NotFoundException
[2m2018-02-07 08:00:37[0;39m [32m INFO[0;39m [35m18044[0;39m [2m---[0;39m [2m[           main][0;39m [36ms.w.s.m.m.a.RequestMappingHandlerMapping[0;39m [2m:[0;39m Mapped "{[/error]}" onto public org.springframework.http.ResponseEntity<java.util.Map<java.lang.String, java.lang.Object>> org.springframework.boot.autoconfigure.web.BasicErrorController.error(javax.servlet.http.HttpServletRequest)
[2m2018-02-07 08:00:37[0;39m [32m INFO[0;39m [35m18044[0;39m [2m---[0;39m [2m[           main][0;39m [36ms.w.s.m.m.a.RequestMappingHandlerMapping[0;39m [2m:[0;39m Mapped "{[/error],produces=[text/html]}" onto public org.springframework.web.servlet.ModelAndView org.springframework.boot.autoconfigure.web.BasicErrorController.errorHtml(javax.servlet.http.HttpServletRequest,javax.servlet.http.HttpServletResponse)
[2m2018-02-07 08:00:38[0;39m [32m INFO[0;39m [35m18044[0;39m [2m---[0;39m [2m[           main][0;39m [36mo.s.w.s.handler.SimpleUrlHandlerMapping [0;39m [2m:[0;39m Mapped URL path [/webjars/**] onto handler of type [class org.springframework.web.servlet.resource.ResourceHttpRequestHandler]
[2m2018-02-07 08:00:38[0;39m [32m INFO[0;39m [35m18044[0;39m [2m---[0;39m [2m[           main][0;39m [36mo.s.w.s.handler.SimpleUrlHandlerMapping [0;39m [2m:[0;39m Mapped URL path [/**] onto handler of type [class org.springframework.web.servlet.resource.ResourceHttpRequestHandler]
[2m2018-02-07 08:00:38[0;39m [32m INFO[0;39m [35m18044[0;39m [2m---[0;39m [2m[           main][0;39m [36m.m.m.a.ExceptionHandlerExceptionResolver[0;39m [2m:[0;39m Detected @ExceptionHandler methods in commonExceptionHandler
[2m2018-02-07 08:00:38[0;39m [32m INFO[0;39m [35m18044[0;39m [2m---[0;39m [2m[           main][0;39m [36mo.s.w.s.handler.SimpleUrlHandlerMapping [0;39m [2m:[0;39m Mapped URL path [/**/favicon.ico] onto handler of type [class org.springframework.web.servlet.resource.ResourceHttpRequestHandler]
[2m2018-02-07 08:00:40[0;39m [32m INFO[0;39m [35m18044[0;39m [2m---[0;39m [2m[           main][0;39m [36mo.s.s.web.DefaultSecurityFilterChain    [0;39m [2m:[0;39m Creating filter chain: OrRequestMatcher [requestMatchers=[Ant [pattern='/**'], Ant [pattern='/error']]], []
[2m2018-02-07 08:00:41[0;39m [32m INFO[0;39m [35m18044[0;39m [2m---[0;39m [2m[           main][0;39m [36mo.s.s.web.DefaultSecurityFilterChain    [0;39m [2m:[0;39m Creating filter chain: Ant [pattern='/h2/**'], [org.springframework.security.web.context.request.async.WebAsyncManagerIntegrationFilter@c6288d, org.springframework.security.web.context.SecurityContextPersistenceFilter@e1e90a, org.springframework.security.web.header.HeaderWriterFilter@b50d1c, org.springframework.security.web.authentication.logout.LogoutFilter@1d54a41, org.springframework.security.web.authentication.www.BasicAuthenticationFilter@944b58, org.springframework.security.web.savedrequest.RequestCacheAwareFilter@174f264, org.springframework.security.web.servletapi.SecurityContextHolderAwareRequestFilter@169fdfd, org.springframework.security.web.authentication.AnonymousAuthenticationFilter@1bd9c2b, org.springframework.security.web.session.SessionManagementFilter@141b8bb, org.springframework.security.web.access.ExceptionTranslationFilter@9cb4d8, org.springframework.security.web.access.intercept.FilterSecurityInterceptor@15b8730]
[2m2018-02-07 08:00:41[0;39m [32m INFO[0;39m [35m18044[0;39m [2m---[0;39m [2m[           main][0;39m [36mo.s.s.web.DefaultSecurityFilterChain    [0;39m [2m:[0;39m Creating filter chain: OrRequestMatcher [requestMatchers=[Ant [pattern='/**']]], [org.springframework.security.web.context.request.async.WebAsyncManagerIntegrationFilter@14cd187, org.springframework.security.web.context.SecurityContextPersistenceFilter@c55a8a, org.springframework.security.web.header.HeaderWriterFilter@1289535, org.springframework.security.web.authentication.logout.LogoutFilter@5b38e6, org.springframework.security.web.authentication.www.BasicAuthenticationFilter@583a2d, org.springframework.security.web.savedrequest.RequestCacheAwareFilter@17f7962, org.springframework.security.web.servletapi.SecurityContextHolderAwareRequestFilter@d1d6c5, org.springframework.security.web.authentication.AnonymousAuthenticationFilter@2d023, org.springframework.security.web.session.SessionManagementFilter@619273, org.springframework.security.web.access.ExceptionTranslationFilter@163cb, org.springframework.security.web.access.intercept.FilterSecurityInterceptor@ce3f27]
[2m2018-02-07 08:00:42[0;39m [32m INFO[0;39m [35m18044[0;39m [2m---[0;39m [2m[           main][0;39m [36mo.s.j.e.a.AnnotationMBeanExporter       [0;39m [2m:[0;39m Registering beans for JMX exposure on startup
[2m2018-02-07 08:00:42[0;39m [32m INFO[0;39m [35m18044[0;39m [2m---[0;39m [2m[           main][0;39m [36mo.s.j.e.a.AnnotationMBeanExporter       [0;39m [2m:[0;39m Bean with name 'dataSource' has been autodetected for JMX exposure
[2m2018-02-07 08:00:43[0;39m [32m INFO[0;39m [35m18044[0;39m [2m---[0;39m [2m[           main][0;39m [36mo.s.j.e.a.AnnotationMBeanExporter       [0;39m [2m:[0;39m Located MBean 'dataSource': registering with JMX server as MBean [com.zaxxer.hikari:name=dataSource,type=HikariDataSource]
[2m2018-02-07 08:00:43[0;39m [32m INFO[0;39m [35m18044[0;39m [2m---[0;39m [2m[           main][0;39m [36ms.b.c.e.t.TomcatEmbeddedServletContainer[0;39m [2m:[0;39m Tomcat started on port(s): 8585 (http)
[2m2018-02-07 08:00:43[0;39m [32m INFO[0;39m [35m18044[0;39m [2m---[0;39m [2m[           main][0;39m [36mcom.employee.EmployeeApplication        [0;39m [2m:[0;39m Started EmployeeApplication in 29.408 seconds (JVM running for 31.949)
[2m2018-02-07 08:02:06[0;39m [32m INFO[0;39m [35m18044[0;39m [2m---[0;39m [2m[nio-8585-exec-3][0;39m [36mo.a.c.c.C.[.[.[/employee-service]       [0;39m [2m:[0;39m Initializing Spring FrameworkServlet 'dispatcherServlet'
[2m2018-02-07 08:02:06[0;39m [32m INFO[0;39m [35m18044[0;39m [2m---[0;39m [2m[nio-8585-exec-3][0;39m [36mo.s.web.servlet.DispatcherServlet       [0;39m [2m:[0;39m FrameworkServlet 'dispatcherServlet': initialization started
[2m2018-02-07 08:02:06[0;39m [32m INFO[0;39m [35m18044[0;39m [2m---[0;39m [2m[nio-8585-exec-3][0;39m [36mo.s.web.servlet.DispatcherServlet       [0;39m [2m:[0;39m FrameworkServlet 'dispatcherServlet': initialization completed in 228 ms
[2m2018-02-07 08:02:06[0;39m [32m INFO[0;39m [35m18044[0;39m [2m---[0;39m [2m[nio-8585-exec-3][0;39m [36mc.employee.common.aspect.LoggingAspect  [0;39m [2m:[0;39m ++++++++Entering: Method signature++++++++ 
public org.springframework.http.ResponseEntity org.springframework.boot.autoconfigure.web.BasicErrorController.error(javax.servlet.http.HttpServletRequest) at: Wed Feb 07 08:02:06 IST 2018
[2m2018-02-07 08:02:06[0;39m [32m INFO[0;39m [35m18044[0;39m [2m---[0;39m [2m[nio-8585-exec-3][0;39m [36mc.employee.common.aspect.LoggingAspect  [0;39m [2m:[0;39m ++++++++ Exiting : method signature++++++++  
public org.springframework.http.ResponseEntity org.springframework.boot.autoconfigure.web.BasicErrorController.error(javax.servlet.http.HttpServletRequest)  at: Wed Feb 07 08:02:06 IST 2018
[2m2018-02-07 08:02:06[0;39m [32m INFO[0;39m [35m18044[0;39m [2m---[0;39m [2m[nio-8585-exec-3][0;39m [36mc.employee.common.aspect.LoggingAspect  [0;39m [2m:[0;39m ++++++++ method signature public org.springframework.http.ResponseEntity org.springframework.boot.autoconfigure.web.BasicErrorController.error(javax.servlet.http.HttpServletRequest) took 0.003 seconds
[2m2018-02-07 08:03:13[0;39m [32m INFO[0;39m [35m18044[0;39m [2m---[0;39m [2m[nio-8585-exec-4][0;39m [36mc.employee.common.aspect.LoggingAspect  [0;39m [2m:[0;39m ++++++++Entering: Method signature++++++++ 
public java.util.List com.employee.controller.EmployeeController.getEmployeesEntry(javax.servlet.http.HttpServletRequest) at: Wed Feb 07 08:03:13 IST 2018
[2m2018-02-07 08:03:13[0;39m [32m INFO[0;39m [35m18044[0;39m [2m---[0;39m [2m[nio-8585-exec-4][0;39m [36mc.employee.common.aspect.LoggingAspect  [0;39m [2m:[0;39m ++++++++ Exiting : method signature++++++++  
public java.util.List com.employee.controller.EmployeeController.getEmployeesEntry(javax.servlet.http.HttpServletRequest)  at: Wed Feb 07 08:03:13 IST 2018
[2m2018-02-07 08:03:13[0;39m [32m INFO[0;39m [35m18044[0;39m [2m---[0;39m [2m[nio-8585-exec-4][0;39m [36mc.employee.common.aspect.LoggingAspect  [0;39m [2m:[0;39m ++++++++ method signature public java.util.List com.employee.controller.EmployeeController.getEmployeesEntry(javax.servlet.http.HttpServletRequest) took 0.321 seconds
[2m2018-02-07 08:03:27[0;39m [32m INFO[0;39m [35m18044[0;39m [2m---[0;39m [2m[nio-8585-exec-5][0;39m [36mc.employee.common.aspect.LoggingAspect  [0;39m [2m:[0;39m ++++++++Entering: Method signature++++++++ 
public java.util.List com.employee.controller.EmployeeController.getEmployeesEntry(javax.servlet.http.HttpServletRequest) at: Wed Feb 07 08:03:27 IST 2018
[2m2018-02-07 08:03:27[0;39m [32m INFO[0;39m [35m18044[0;39m [2m---[0;39m [2m[nio-8585-exec-5][0;39m [36mc.employee.common.aspect.LoggingAspect  [0;39m [2m:[0;39m ++++++++ Exiting : method signature++++++++  
public java.util.List com.employee.controller.EmployeeController.getEmployeesEntry(javax.servlet.http.HttpServletRequest)  at: Wed Feb 07 08:03:27 IST 2018
[2m2018-02-07 08:03:27[0;39m [32m INFO[0;39m [35m18044[0;39m [2m---[0;39m [2m[nio-8585-exec-5][0;39m [36mc.employee.common.aspect.LoggingAspect  [0;39m [2m:[0;39m ++++++++ method signature public java.util.List com.employee.controller.EmployeeController.getEmployeesEntry(javax.servlet.http.HttpServletRequest) took 0.003 seconds
[2m2018-02-07 08:06:52[0;39m [32m INFO[0;39m [35m18044[0;39m [2m---[0;39m [2m[nio-8585-exec-7][0;39m [36mc.employee.common.aspect.LoggingAspect  [0;39m [2m:[0;39m ++++++++Entering: Method signature++++++++ 
public com.employee.dto.EmployeeDTO com.employee.controller.EmployeeController.getEmployeeAuthentication(javax.servlet.http.HttpServletRequest,javax.servlet.http.HttpServletResponse,com.employee.dto.EmployeeDTO) at: Wed Feb 07 08:06:52 IST 2018
[2m2018-02-07 08:06:52[0;39m [33m WARN[0;39m [35m18044[0;39m [2m---[0;39m [2m[nio-8585-exec-7][0;39m [36mo.s.s.c.bcrypt.BCryptPasswordEncoder    [0;39m [2m:[0;39m Encoded password does not look like BCrypt
[2m2018-02-07 08:06:52[0;39m [32m INFO[0;39m [35m18044[0;39m [2m---[0;39m [2m[nio-8585-exec-7][0;39m [36mc.employee.common.aspect.LoggingAspect  [0;39m [2m:[0;39m ++++++++ Exiting : method signature++++++++  
public com.employee.dto.EmployeeDTO com.employee.controller.EmployeeController.getEmployeeAuthentication(javax.servlet.http.HttpServletRequest,javax.servlet.http.HttpServletResponse,com.employee.dto.EmployeeDTO)  at: Wed Feb 07 08:06:52 IST 2018
[2m2018-02-07 08:06:52[0;39m [32m INFO[0;39m [35m18044[0;39m [2m---[0;39m [2m[nio-8585-exec-7][0;39m [36mc.employee.common.aspect.LoggingAspect  [0;39m [2m:[0;39m ++++++++ method signature public com.employee.dto.EmployeeDTO com.employee.controller.EmployeeController.getEmployeeAuthentication(javax.servlet.http.HttpServletRequest,javax.servlet.http.HttpServletResponse,com.employee.dto.EmployeeDTO) took 0.074 seconds
[2m2018-02-07 08:12:54[0;39m [32m INFO[0;39m [35m18044[0;39m [2m---[0;39m [2m[on(2)-127.0.0.1][0;39m [36minMXBeanRegistrar$SpringApplicationAdmin[0;39m [2m:[0;39m Application shutdown requested.
[2m2018-02-07 08:12:54[0;39m [32m INFO[0;39m [35m18044[0;39m [2m---[0;39m [2m[on(2)-127.0.0.1][0;39m [36mationConfigEmbeddedWebApplicationContext[0;39m [2m:[0;39m Closing org.springframework.boot.context.embedded.AnnotationConfigEmbeddedWebApplicationContext@1b6aecc: startup date [Wed Feb 07 08:00:15 IST 2018]; root of context hierarchy
[2m2018-02-07 08:12:54[0;39m [32m INFO[0;39m [35m18044[0;39m [2m---[0;39m [2m[on(2)-127.0.0.1][0;39m [36mo.s.j.e.a.AnnotationMBeanExporter       [0;39m [2m:[0;39m Unregistering JMX-exposed beans on shutdown
[2m2018-02-07 08:12:54[0;39m [32m INFO[0;39m [35m18044[0;39m [2m---[0;39m [2m[on(2)-127.0.0.1][0;39m [36mo.s.j.e.a.AnnotationMBeanExporter       [0;39m [2m:[0;39m Unregistering JMX-exposed beans
[2m2018-02-07 08:12:54[0;39m [32m INFO[0;39m [35m18044[0;39m [2m---[0;39m [2m[on(2)-127.0.0.1][0;39m [36mj.LocalContainerEntityManagerFactoryBean[0;39m [2m:[0;39m Closing JPA EntityManagerFactory for persistence unit 'default'
[2m2018-02-07 08:12:54[0;39m [32m INFO[0;39m [35m18044[0;39m [2m---[0;39m [2m[on(2)-127.0.0.1][0;39m [36morg.hibernate.tool.hbm2ddl.SchemaExport [0;39m [2m:[0;39m HHH000227: Running hbm2ddl schema export
[2m2018-02-07 08:12:54[0;39m [32m INFO[0;39m [35m18044[0;39m [2m---[0;39m [2m[on(2)-127.0.0.1][0;39m [36morg.hibernate.tool.hbm2ddl.SchemaExport [0;39m [2m:[0;39m HHH000230: Schema export complete
[2m2018-02-07 08:12:54[0;39m [32m INFO[0;39m [35m18044[0;39m [2m---[0;39m [2m[on(2)-127.0.0.1][0;39m [36mcom.zaxxer.hikari.pool.HikariPool       [0;39m [2m:[0;39m HikariPool-1 - Close initiated...
[2m2018-02-07 08:12:54[0;39m [32m INFO[0;39m [35m18044[0;39m [2m---[0;39m [2m[on(2)-127.0.0.1][0;39m [36mcom.zaxxer.hikari.pool.HikariPool       [0;39m [2m:[0;39m HikariPool-1 - Closed.
